<?xml version="1.0" encoding="UTF-8"?>
<testsuite name="전체 기능 테스트" tests="1" skipped="0" failures="1" errors="0" timestamp="2023-12-12T01:09:40" hostname="isomin-ui-MacBookPro.local" time="0.547">
  <properties/>
  <testcase name="기능 테스트()" classname="menu.ApplicationTest$AllFeatureTest" time="0.547">
    <failure message="java.lang.AssertionError: &#10;Expecting actual:&#10;  &quot;&quot;&#10;to contain:&#10;  [&quot;점심 메뉴 추천을 시작합니다.&quot;,&#10;    &quot;코치의 이름을 입력해 주세요. (, 로 구분)&quot;,&#10;    &quot;구구(이)가 못 먹는 메뉴를 입력해 주세요.&quot;,&#10;    &quot;제임스(이)가 못 먹는 메뉴를 입력해 주세요.&quot;,&#10;    &quot;메뉴 추천 결과입니다.&quot;,&#10;    &quot;[ 구분 | 월요일 | 화요일 | 수요일 | 목요일 | 금요일 ]&quot;,&#10;    &quot;[ 카테고리 | 한식 | 양식 | 일식 | 중식 | 아시안 ]&quot;,&#10;    &quot;[ 구구 | 김치찌개 | 스파게티 | 규동 | 짜장면 | 카오 팟 ]&quot;,&#10;    &quot;[ 제임스 | 제육볶음 | 라자냐 | 가츠동 | 짬뽕 | 파인애플 볶음밥 ]&quot;,&#10;    &quot;추천을 완료했습니다.&quot;]&#10;but could not find:&#10;  [&quot;점심 메뉴 추천을 시작합니다.&quot;,&#10;    &quot;코치의 이름을 입력해 주세요. (, 로 구분)&quot;,&#10;    &quot;구구(이)가 못 먹는 메뉴를 입력해 주세요.&quot;,&#10;    &quot;제임스(이)가 못 먹는 메뉴를 입력해 주세요.&quot;,&#10;    &quot;메뉴 추천 결과입니다.&quot;,&#10;    &quot;[ 구분 | 월요일 | 화요일 | 수요일 | 목요일 | 금요일 ]&quot;,&#10;    &quot;[ 카테고리 | 한식 | 양식 | 일식 | 중식 | 아시안 ]&quot;,&#10;    &quot;[ 구구 | 김치찌개 | 스파게티 | 규동 | 짜장면 | 카오 팟 ]&quot;,&#10;    &quot;[ 제임스 | 제육볶음 | 라자냐 | 가츠동 | 짬뽕 | 파인애플 볶음밥 ]&quot;,&#10;    &quot;추천을 완료했습니다.&quot;]&#10; " type="java.lang.AssertionError">java.lang.AssertionError: 
Expecting actual:
  &quot;&quot;
to contain:
  [&quot;점심 메뉴 추천을 시작합니다.&quot;,
    &quot;코치의 이름을 입력해 주세요. (, 로 구분)&quot;,
    &quot;구구(이)가 못 먹는 메뉴를 입력해 주세요.&quot;,
    &quot;제임스(이)가 못 먹는 메뉴를 입력해 주세요.&quot;,
    &quot;메뉴 추천 결과입니다.&quot;,
    &quot;[ 구분 | 월요일 | 화요일 | 수요일 | 목요일 | 금요일 ]&quot;,
    &quot;[ 카테고리 | 한식 | 양식 | 일식 | 중식 | 아시안 ]&quot;,
    &quot;[ 구구 | 김치찌개 | 스파게티 | 규동 | 짜장면 | 카오 팟 ]&quot;,
    &quot;[ 제임스 | 제육볶음 | 라자냐 | 가츠동 | 짬뽕 | 파인애플 볶음밥 ]&quot;,
    &quot;추천을 완료했습니다.&quot;]
but could not find:
  [&quot;점심 메뉴 추천을 시작합니다.&quot;,
    &quot;코치의 이름을 입력해 주세요. (, 로 구분)&quot;,
    &quot;구구(이)가 못 먹는 메뉴를 입력해 주세요.&quot;,
    &quot;제임스(이)가 못 먹는 메뉴를 입력해 주세요.&quot;,
    &quot;메뉴 추천 결과입니다.&quot;,
    &quot;[ 구분 | 월요일 | 화요일 | 수요일 | 목요일 | 금요일 ]&quot;,
    &quot;[ 카테고리 | 한식 | 양식 | 일식 | 중식 | 아시안 ]&quot;,
    &quot;[ 구구 | 김치찌개 | 스파게티 | 규동 | 짜장면 | 카오 팟 ]&quot;,
    &quot;[ 제임스 | 제육볶음 | 라자냐 | 가츠동 | 짬뽕 | 파인애플 볶음밥 ]&quot;,
    &quot;추천을 완료했습니다.&quot;]
 
	at menu.ApplicationTest$AllFeatureTest.기능_테스트$lambda$1$lambda$0(ApplicationTest.kt:27)
	at menu.ApplicationTest$Companion.assertRandomTest$lambda$2(ApplicationTest.kt:121)
	at org.junit.jupiter.api.AssertTimeout.lambda$assertTimeoutPreemptively$2(AssertTimeout.java:102)
	at org.junit.jupiter.api.AssertTimeout.lambda$assertTimeoutPreemptively$4(AssertTimeout.java:138)
	at java.base/java.util.concurrent.FutureTask.run(FutureTask.java:264)
	at java.base/java.util.concurrent.ThreadPoolExecutor.runWorker(ThreadPoolExecutor.java:1136)
	at java.base/java.util.concurrent.ThreadPoolExecutor$Worker.run(ThreadPoolExecutor.java:635)
	at java.base/java.lang.Thread.run(Thread.java:842)
</failure>
  </testcase>
  <system-out><![CDATA[
]]></system-out>
  <system-err><![CDATA[]]></system-err>
</testsuite>
